OK:




POPRAWIONE:
LP                                       65
Substancja czynna       Acidum zoledronicum
Zawartość opakowania        4 fiolka (5 ml)
LP                                           110
Substancja czynna                   Amisulpridum
Zawartość opakowania    60 sztuka (5 blister 12)
LP                                                                    128
Substancja czynna                                             Amlodipinum
Zawartość opakowania    60 sztuka (6 blister 10 sztuka lub 4 blister 1...
LP                                                                    133
Substancja czynna                                             Amlodipinum
Zawartość opakowania    60 sztuka (6 blister 10 sztuka lub 4 blister 1...
LP                                  191
Substancja czynna         Amoxicillinum
Zawartość opakowania    100 ml (65,3 g)
LP                                                      211
Substancja czynna       Amoxicillinum + Acidum clavulanicum
Zawartość opakowania                          140 ml (35 g)
LP                                                      212
Substancja czynna       Amoxicillinum + Acidum clavulanicum
Zawartość opakowania                         35 ml (8,75 g)
LP                                                      213
Substancja czynna       Amoxicillinum + Acidum clavulanicum
Zawartość opakowania                         70 ml (17,5 g)
LP                                                      247
Substancja czynna       Amoxicillinum + Acidum clavulanicum
Zawartość opakowania                           70 ml (14 g)
LP                                        498
Substancja czynna              Azithromycinum
Zawartość opakowania    2 sztuka (w blistrze)
LP                                             644
Substancja czynna       Budesonidum + Formoterolum
Zawartość opakowania       1 inhalator (120 dawka)
LP                                             645
Substancja czynna       Budesonidum + Formoterolum
Zawartość opakowania        1 inhalator (60 dawka)
LP                                      646
Substancja czynna            Buprenorphinum
Zawartość opakowania    60 sztuka - blister
LP                                      647
Substancja czynna            Buprenorphinum
Zawartość opakowania    60 sztuka - blister
LP                                      648
Substancja czynna            Buprenorphinum
Zawartość opakowania    30 sztuka - blister
LP                                      649
Substancja czynna            Buprenorphinum
Zawartość opakowania    30 sztuka - blister
LP                                                    808
Substancja czynna                              Cefaclorum
Zawartość opakowania    1 butelka 47,60 g/75 ml zawiesiny
LP                                                     809
Substancja czynna                               Cefaclorum
Zawartość opakowania    1 butelka 63,47 g/100 ml zawiesiny
LP                                                    810
Substancja czynna                              Cefaclorum
Zawartość opakowania    1 butelka 47,60 g/75 ml zawiesiny
LP                                                     811
Substancja czynna                               Cefaclorum
Zawartość opakowania    1 butelka 63,47 g/100 ml zawiesiny
LP                                   812
Substancja czynna             Cefaclorum
Zawartość opakowania    100 ml (63,47 g)
LP                                                    813
Substancja czynna                              Cefaclorum
Zawartość opakowania    1 butelka 47,60 g/75 ml zawiesiny
LP                                                     814
Substancja czynna                               Cefaclorum
Zawartość opakowania    1 butelka 63,47 g/100 ml zawiesiny
LP                                                      863
Substancja czynna                               Cefuroximum
Zawartość opakowania    1 butelka 50 ml (39,98 g granulatu)
LP                              1310
Substancja czynna        Estradiolum
Zawartość opakowania    28 szasz. 1g
LP                                          1367
Substancja czynna                   Fenofibratum
Zawartość opakowania    30 sztuka (3 blister 10)
LP                                  1494
Substancja czynna           Fluconazolum
Zawartość opakowania    150 ml w butelce
LP                                                      1557
Substancja czynna       Fluticasoni propionas + Salmeterolum
Zawartość opakowania                  1 inhalator (60 dawka)
LP                                                      1558
Substancja czynna       Fluticasoni propionas + Salmeterolum
Zawartość opakowania                  1 inhalator (60 dawka)
LP                                                      1559
Substancja czynna       Fluticasoni propionas + Salmeterolum
Zawartość opakowania                  1 inhalator (60 dawka)
LP                                                               1588
Substancja czynna                                 Formoteroli fumaras
Zawartość opakowania    60 sztuka (6 blister 10 sztuka ) + inhalator 
LP                                    1605
Substancja czynna              Furosemidum
Zawartość opakowania    30 sztuka (3 x 10)
LP                                                    1693
Substancja czynna                            Haloperidolum
Zawartość opakowania    40 tabletka (2 blister 20 sztuka )
LP                                                    1694
Substancja czynna                            Haloperidolum
Zawartość opakowania    40 tabletka (2 blister 20 sztuka )
LP                                               1701
Substancja czynna                   Hydroxycarbamidum
Zawartość opakowania    100 sztuka (1 butelka 250 ml)
LP                                    1730
Substancja czynna       Insulinum aspartum
Zawartość opakowania           5 wkład 3ml
LP                                        1855
Substancja czynna                  Lacosamidum
Zawartość opakowania    56 tabletka w blistrze
LP                                        1856
Substancja czynna                  Lacosamidum
Zawartość opakowania    56 tabletka w blistrze
LP                                        1857
Substancja czynna                  Lacosamidum
Zawartość opakowania    56 tabletka w blistrze
LP                                        1858
Substancja czynna                  Lacosamidum
Zawartość opakowania    14 tabletka w blistrze




JEDYNY POPSUTY, WIEC MOZNA ZIGNOROWAĆ:
LP                                                  84
Substancja czynna              Alergeny kurzu domowego
Zawartość opakowania    3 fiolka 4,5 ml (stężenia 1-3)
LP                                                                    506
Substancja czynna       Beclometasoni dipropionas + Formoteroli fumara...
Zawartość opakowania                                  pojemnik 180 dawka 
LP                                                507
Substancja czynna       Beclometasonum + Formoterolum
Zawartość opakowania              pojemnik 180 dawka 
LP                                                                   1025
Substancja czynna       Czterowalentna szczepionka przeciw grypie (roz...
Zawartość opakowania                   1 ampułko-strzykawka 0,5 ml z igłą
LP                                               1384
Substancja czynna            Fenoteroli hydrobromidum
Zawartość opakowania    1 pojemnik 10 ml (200 dawka )
LP                                                        1706
Substancja czynna       Indacaterolum + Glycopyrronii bromidum
Zawartość opakowania                        30 sztuka + inhal.
LP                                                           1735
Substancja czynna       Insulinum degludecum + Insulinum aspartum
Zawartość opakowania                         5 wkład 3 ml Penfill
LP                                        1736
Substancja czynna          Insulinum detemirum
Zawartość opakowania    5 wkład 3 ml (Penfill)



W GRUPACH DZIAŁA, WIEC MOZNA ZIGNOROWAĆ:
LP                                                  289
Substancja czynna                         Aripiprazolum
Zawartość opakowania    1 fiolka proszku + fiolka rozp.
LP                                                        320
Substancja czynna                               Aripiprazolum
Zawartość opakowania    28 sztuka (w blistrach perforowanych)

//zakładam że będziemy wczytywać to jako -  ilość:5, jednostka: "sztuka (5 saszetka 1 sztuka )"
LP                                                  656
Substancja czynna                        Buprenorphinum
Zawartość opakowania    5 sztuka (5 saszetka 1 sztuka )
LP                                                  657
Substancja czynna                        Buprenorphinum
Zawartość opakowania    5 sztuka (5 saszetka 1 sztuka )
LP                                                  658
Substancja czynna                        Buprenorphinum
Zawartość opakowania    5 sztuka (5 saszetka 1 sztuka )
LP                                                  659
Substancja czynna                        Buprenorphinum
Zawartość opakowania    5 sztuka (5 saszetka 1 sztuka )
LP                                                  660
Substancja czynna                        Buprenorphinum
Zawartość opakowania    5 sztuka (5 saszetka 1 sztuka )
LP                                                  661
Substancja czynna                        Buprenorphinum
Zawartość opakowania    5 sztuka (5 saszetka 1 sztuka )

LP                                                      1033
Substancja czynna                                 Degareliks
Zawartość opakowania    2 fiolka z prosz. i 2 fiolka z rozp.
LP                                                            1034
Substancja czynna                                       Degareliks
Zawartość opakowania    1 fiolka z prosz. i 1 amp-strzykawka rozp.

LP                                      1072
Substancja czynna                 Diazepamum
Zawartość opakowania    5 mikrowlewek 2,5 ml
LP                                      1073
Substancja czynna                 Diazepamum
Zawartość opakowania    5 mikrowlewek 2,5 ml

LP                                                             1104
Substancja czynna                               Dinatrii pamidronas
Zawartość opakowania    2 fiolka z prosz.po 30 mg + 2 ampułka 10 ml
LP                                                             1105
Substancja czynna                               Dinatrii pamidronas
Zawartość opakowania    1 fiolka z prosz.po 60 mg + 1 ampułka 10 ml
LP                                                             1106
Substancja czynna                               Dinatrii pamidronas
Zawartość opakowania    1 fiolka z prosz.po 90 mg + 1 ampułka 10 ml

LP                                                 1574
Substancja czynna                    Folitropinum delta
Zawartość opakowania    1 wstrzykiwacz 0,36 ml + 3 igły
LP                                                  1575
Substancja czynna                     Folitropinum delta
Zawartość opakowania    1 wstrzykiwacz 2,16 ml + 9 igieł

LP                                     1680
Substancja czynna       Glyceroli trinitras
Zawartość opakowania      11 g (200 dawka )

LP                                        1733
Substancja czynna         Insulinum degludecum
Zawartość opakowania    5 wkład 3 ml (Penfill)
LP                                                  1734
Substancja czynna                   Insulinum degludecum
Zawartość opakowania    3 wstrzykiwacze 3 ml (FlexTouch)







NIE-JEDYNY POPSUTY:



JA BYM ZOSTAWIŁA TYLKO TO W NAWIASACH:
LP                                                                    276
Substancja czynna                                            Aprepitantum
Zawartość opakowania    3 kapsułka (1 kapsułka 125 mg + 2 kapsułka 80 mg)
LP                                                                    277
Substancja czynna                                            Aprepitantum
Zawartość opakowania    3 kapsułka (1 kapsułka 125 mg + 2 kapsułka 80 mg)
LP                                                                    278
Substancja czynna                                            Aprepitantum
Zawartość opakowania    3 kapsułka (1 kapsułka 125 mg + 2 kapsułka 80 mg)
LP                                                                    279
Substancja czynna                                            Aprepitantum
Zawartość opakowania    3 kapsułka (1 kapsułka 125 mg + 2 kapsułka 80 mg)
LP                                                                    280
Substancja czynna                                            Aprepitantum
Zawartość opakowania    3 kapsułka (1 kapsułka 125 mg + 2 kapsułka 80 mg)
LP                                                                    281
Substancja czynna                                            Aprepitantum
Zawartość opakowania    3 kapsułka (1 kapsułka 125 mg + 2 kapsułka 80 mg)






??:
LP                                              485
Substancja czynna                    Azithromycinum
Zawartość opakowania    1 butelka 37,5 ml (1500 mg)         //usunać nawias?
LP                                                   894
Substancja czynna                           Cetrorelixum
Zawartość opakowania    1 fiolka + 1 ampułko-strzykawka     // to chyba sie dobrze wczyta
LP                              1146
Substancja czynna       Dorzolamidum
Zawartość opakowania        3 x 5 ml  // 3 but. 5 ml ?
LP                                          1157
Substancja czynna       Dorzolamidum + Timololum
Zawartość opakowania          3 x 5 ml w butelce
LP                                            1522
Substancja czynna            Fluticasoni propionas
Zawartość opakowania    pojemnik 10 ml (120 dawka) // 1 poj. 120 daw.  ?

LP                                                           1566
Substancja czynna            Fluticasoni propionas + Salmeterolum
Zawartość opakowania    1 blister 60 dawka + inhalator Elpenhaler // chyba okej?
LP                                                           1567
Substancja czynna            Fluticasoni propionas + Salmeterolum
Zawartość opakowania    1 blister 60 dawka + inhalator Elpenhaler
LP                                           1682
Substancja czynna          Glycopyrronii bromidum
Zawartość opakowania    30 kapsułka + 1 inhalator

LP                                                         1580
Substancja czynna                            Follitropinum alfa
Zawartość opakowania    1 fiolka + 1 ampułko-strzykawka z rozp.
LP                                                       1582
Substancja czynna                          Follitropinum alfa
Zawartość opakowania    1 wkład 0,5ml + 10 igieł iniekcyjnych
LP                                                       1583
Substancja czynna                          Follitropinum alfa
Zawartość opakowania    1 wkład 1,5ml + 20 igieł iniekcyjnych
LP                                                      1593
Substancja czynna             Formoteroli fumaras dihydricus
Zawartość opakowania    1 pojemnik (120 dawka ) (+ op.ochr.)

LP                                                1598
Substancja czynna                         Formoterolum
Zawartość opakowania    120 szt (2 butelka 60 sztuka )
LP                                                1599
Substancja czynna                         Formoterolum
Zawartość opakowania    180 szt (3 butelka 60 sztuka )

LP                                                                   1724       //te chyba powinny działać?
Substancja czynna                           Inhibitor C1-esterazy, ludzki
Zawartość opakowania    1 fiolka z proszkiem + 1 fiolka z wodą do wstr...
LP                                                                   1725
Substancja czynna                           Inhibitor C1-esterazy, ludzki
Zawartość opakowania    1 fiolka z prosz. + 1 fiolka z rozp. + 1 zesta...

LP                                              1739
Substancja czynna                Insulinum glarginum
Zawartość opakowania    5 wstrzykiwacz SoloStar 3 ml
LP                                                 1740
Substancja czynna                   Insulinum glarginum
Zawartość opakowania    10 wstrzykiwacz SoloStar 1,5 ml
LP                                             1743
Substancja czynna              Insulinum glulisinum
Zawartość opakowania    5 wstrzykawka SoloStar 3 ml
LP                                              1759
Substancja czynna                  Insulinum humanum
Zawartość opakowania    5 wstrzykiwacz SoloStar 3 ml
LP                                              1760
Substancja czynna                  Insulinum humanum
Zawartość opakowania    5 wstrzykiwacz SoloStar 3 ml
LP                                              1761
Substancja czynna                  Insulinum humanum
Zawartość opakowania    5 wstrzykiwacz SoloStar 3 ml
LP                                              1773
Substancja czynna                  Insulinum lisprum
Zawartość opakowania    10 wstrzykawka 3 ml SoloStar -> to przeniosłam Solostar za wstrzykawka

LP                                               1778
Substancja czynna                 Ipratropii bromidum
Zawartość opakowania    1 pojemnik 10 ml (200 dawka )
LP                                               1780
Substancja czynna                 Ipratropii bromidum
Zawartość opakowania    1 pojemnik 10 ml (200 dawka )

LP                                                1956
Substancja czynna                        Leuprorelinum
Zawartość opakowania    1 zestaw (2 strzykawka napeł.)

LP                                                       1966  //te chyba powinny działać
Substancja czynna                             Levetiracetamum
Zawartość opakowania    1 butelka 300 ml + 1 strzykawka 10 ml
LP                                                    1969
Substancja czynna                          Levetiracetamum
Zawartość opakowania    1 butelka 150 ml + strzykawka 1 ml         // dopisałam 1 przed strz.
LP                                                     1970
Substancja czynna                           Levetiracetamum
Zawartość opakowania    1 butelka 300 ml + strzykawka 10 ml
LP                                                     1979
Substancja czynna                           Levetiracetamum
Zawartość opakowania    1 butelka 300 ml + strzykawka 10 ml


???
LP                                               1728
Substancja czynna                  Insulinum aspartum
Zawartość opakowania    10 wstrzykiwacz 3 ml SoloStar           // no idea ??
// zmieniłam na         10 wstrzykiwacz SoloStar 3 ml           to chyba powinno działać jak się jednostka wpisze jako "wstrzykiwacz Solostar"



O TO TO NAJŁATWIEJ WYJEBAĆ CHYBA: 
Budesonidum, Estradiolum + Norethisteroni acetas

LP                                                          587
Substancja czynna                                   Budesonidum
Zawartość opakowania    1 inhalator 200 dawka (zestaw startowy)
LP                                                          588
Substancja czynna                                   Budesonidum
Zawartość opakowania    1 inhalator 200 dawka (zestaw startowy)
LP                                                          589
Substancja czynna                                   Budesonidum
Zawartość opakowania    1 inhalator 200 dawka (zestaw startowy)
LP                                                          590
Substancja czynna                                   Budesonidum
Zawartość opakowania    1 inhalator 200 dawka (zestaw startowy)
LP                                                                    591
Substancja czynna                                             Budesonidum
Zawartość opakowania    1 inhalator 100 dawka + opak. ochronne (zestaw...
LP                                                                    592
Substancja czynna                                             Budesonidum
Zawartość opakowania    1 inhalator 100 dawka + opak. ochronne (zestaw...
LP                                                                 601
Substancja czynna                                          Budesonidum
Zawartość opakowania    1 pojemnik 200 dawka odmierzonych + inhalator 
LP                                                                 602
Substancja czynna                                          Budesonidum
Zawartość opakowania    1 pojemnik 200 dawka odmierzonych + inhalator 
LP                                                                    603
Substancja czynna                                             Budesonidum
Zawartość opakowania    1 pojemnik 200 dawka odmierzonych + inhalator ...
LP                                                                    604
Substancja czynna                                             Budesonidum
Zawartość opakowania    1 pojemnik 200 dawka odmierzonych + inhalator ...
LP                                                                 632
Substancja czynna                                          Budesonidum
Zawartość opakowania    1 pojemnik 200 dawka odmierzonych + inhalator 
LP                                                                 633
Substancja czynna                                          Budesonidum
Zawartość opakowania    1 pojemnik 200 dawka odmierzonych + inhalator 
LP                                                                    634
Substancja czynna                                             Budesonidum
Zawartość opakowania    1 pojemnik 200 dawka odmierzonych + inhalator ...
LP                                                                    635
Substancja czynna                                             Budesonidum
Zawartość opakowania    1 pojemnik 200 dawka odmierzonych + inhalator ...

LP                                                                   1320
Substancja czynna                     Estradiolum + Norethisteroni acetas
Zawartość opakowania    8 sztuka (4 plastry Systen 50 + 4 plastry Syst...

LP                                              1405    //nie rozumiem jak to działa
Substancja czynna                         Fentanylum
Zawartość opakowania    1 butelka 2,9 ml (20 dawka )
LP                                            1406
Substancja czynna                       Fentanylum
Zawartość opakowania    1 butelka 5 ml (40 dawka )
LP                                              1407
Substancja czynna                         Fentanylum
Zawartość opakowania    1 butelka 1,8 ml (10 dawka )
LP                                     1413
Substancja czynna                Fentanylum
Zawartość opakowania    1,55 ml (1 butelka)
LP                                     1415
Substancja czynna                Fentanylum
Zawartość opakowania    1,55 ml (1 butelka)













LP                                                                   2003
Substancja czynna                                         Levetiracetamum
Zawartość opakowania    1 butelka 300 ml ze strzykawka 10 ml i łącznikiem
LP                                                     2010
Substancja czynna                           Levetiracetamum
Zawartość opakowania    1 butelka 300 ml + strzykawka 10 ml
LP                                                                 2174
Substancja czynna                                          Menotropinum
Zawartość opakowania    1 fiolka z proszkiem + 2 ampułko-strzykawka 1ml
LP                                                                 2175
Substancja czynna                                          Menotropinum
Zawartość opakowania    1 fiolka z proszkiem + 1 ampułko-strzykawka 1ml
LP                                                                   2176
Substancja czynna                                            Menotropinum
Zawartość opakowania    1 fiolka z proszkiem + 1 amp-strzykawka z rozp...
LP                                                                   2177
Substancja czynna                                            Menotropinum
Zawartość opakowania    1 fiolka z proszkiem + 1 amp-strzykawka z rozp...
LP                                           2191
Substancja czynna                     Mesalazinum
Zawartość opakowania    50 saszetka 2 g granulatu
LP                                       2392
Substancja czynna         Methylprednisolonum
Zawartość opakowania    1 fiolka + 1 ampułka 
LP                                                      2398
Substancja czynna                        Methylprednisolonum
Zawartość opakowania    1 fiolka z prosz. + 1 fiolka z rozp.
LP                                                      2399
Substancja czynna                        Methylprednisolonum
Zawartość opakowania    1 fiolka z prosz. + 1 fiolka z rozp.
LP                                                     2416
Substancja czynna         mieszanki alergoidów pyłku roślin
Zawartość opakowania    1 fiolka 3 ml + 8 strzykawka z igłą
LP                                      2486
Substancja czynna       Mycophenolas mofetil
Zawartość opakowania          110 g (175 ml)
LP                                                              2580
Substancja czynna                                        Octreotidum
Zawartość opakowania    1 fiolka + 1 ampułko-strzykawka z rozp. 2 ml
LP                                                              2581
Substancja czynna                                        Octreotidum
Zawartość opakowania    1 fiolka + 1 ampułko-strzykawka z rozp. 2 ml
LP                                                              2582
Substancja czynna                                        Octreotidum
Zawartość opakowania    1 fiolka + 1 ampułko-strzykawka z rozp. 2 ml
LP                                                                   2712
Substancja czynna                                             Olanzapinum
Zawartość opakowania    1 fiolka proszku + 1 fiolka rozp. + 1 strzykaw...
LP                                                                   2713
Substancja czynna                                             Olanzapinum
Zawartość opakowania    1 fiolka proszku + 1 fiolka rozp. + 1 strzykaw...
LP                                                                   2714
Substancja czynna                                             Olanzapinum
Zawartość opakowania    1 fiolka proszku + 1 fiolka rozp. + 1 strzykaw...
LP                                                 2715
Substancja czynna             Olodaterolum + Tiotropium
Zawartość opakowania    1 wkład 30 dawka + 1 inhalator 
LP                                           2726
Substancja czynna                     Omeprazolum
Zawartość opakowania    14 sztuka (butelka 20 ml)
LP                                                       2841
Substancja czynna                               Paliperidonum
Zawartość opakowania    1 ampułko-strzykawka 1,315ml + 2 igły
LP                                                      2842
Substancja czynna                              Paliperidonum
Zawartość opakowania    1 ampułko-strzykawka 1,75ml + 2 igły
LP                                                       2843
Substancja czynna                               Paliperidonum
Zawartość opakowania    1 ampułko-strzykawka 2,625ml + 2 igły
LP                                               2844
Substancja czynna                       Paliperidonum
Zawartość opakowania    1 ampułko-strzykawka + 2 igły
LP                                               2845
Substancja czynna                       Paliperidonum
Zawartość opakowania    1 ampułko-strzykawka + 2 igły
LP                                               2846
Substancja czynna                       Paliperidonum
Zawartość opakowania    1 ampułko-strzykawka + 2 igły
LP                                                   2900
Substancja czynna                             Paroxetinum
Zawartość opakowania    30 sztuka (1 pojemnik 30 sztuka )
LP                                                   2901
Substancja czynna                             Paroxetinum
Zawartość opakowania    60 sztuka (1 pojemnik 60 sztuka )
LP                                            2926
Substancja czynna                    Perindoprilum
Zawartość opakowania    30 sztuka (1 x 30 sztuka )
LP                                            2951
Substancja czynna       Pilocarpini hydrochloridum
Zawartość opakowania                10 ml (2x5 ml)
LP                                                     2953
Substancja czynna        pojedyncze alergoidy pyłków roślin
Zawartość opakowania    1 fiolka 3 ml + 8 strzykawka z igłą
LP                                                                   3216
Substancja czynna                                            Risperidonum
Zawartość opakowania    1 fiolka + 1 strzykawka + 1 urządzenie do przy...
LP                                                                   3217
Substancja czynna                                            Risperidonum
Zawartość opakowania    1 fiolka + 1 strzykawka + 1 urządzenie do przy...
LP                                                                   3218
Substancja czynna                                            Risperidonum
Zawartość opakowania    1 fiolka + 1 strzykawka + 1 urządzenie do przy...
LP                                              3420
Substancja czynna                       Salbutamolum
Zawartość opakowania    1 pojemnik 200 dawka (10 ml)
LP                                                                   3421
Substancja czynna                                            Salbutamolum
Zawartość opakowania    200 dawka (inhalator proszkowy + pojemnik ochr...
LP                                                                   3422
Substancja czynna                                            Salbutamolum
Zawartość opakowania    200 dawka (inhalator proszkowy + pojemnik ochr...
LP                                               3423
Substancja czynna                        Salbutamolum
Zawartość opakowania    1 pojemnik 8,5 g (200 dawka )
LP                                                3430
Substancja czynna                         Salmeterolum
Zawartość opakowania    1 sztuka (1 sztuka 120 dawka )
LP                                                                   3595
Substancja czynna       Szczepionka przeciw grypie (żywa atenuowana, d...
Zawartość opakowania                                   1 aplikator 0,2 ml
LP                                                                   3596
Substancja czynna       Szczepionka przeciw pneumokokom sacharydowa, s...
Zawartość opakowania                        1 ampułko-strzykawka + 1 igła
LP                                                   3615
Substancja czynna                Tafluprostum + Timololum
Zawartość opakowania    30 pojemnik jednodawkowych 0,3 ml
LP                                          3650
Substancja czynna                   Tamsulosinum
Zawartość opakowania    90 sztuka (9 blister 10)
LP                                         3823
Substancja czynna            Tiotropii bromidum
Zawartość opakowania    30 sztuka + 1 inhalator
LP                                         3824
Substancja czynna            Tiotropii bromidum
Zawartość opakowania    30 sztuka + 1 inhalator
LP                                                                   3829
Substancja czynna                                              Tiotropium
Zawartość opakowania    1 wkład 30 dawka leczniczych (60 dawka odmierz...
LP                                           3832
Substancja czynna                      Tiotropium
Zawartość opakowania    30 kapsułka z inhalatorem
LP                                           3833
Substancja czynna                      Tiotropium
Zawartość opakowania    30 kapsułka z inhalatorem
LP                                          3922
Substancja czynna       Tramadoli hydrochloridum
Zawartość opakowania    1 butelka 96 ml z pompką
LP                                          3923
Substancja czynna       Tramadoli hydrochloridum
Zawartość opakowania    1 butelka 96 ml z pompką
LP                                                                   4019
Substancja czynna                                           Triptorelinum
Zawartość opakowania    1 fiolka + 1 ampułka 2 ml + 1 strzykawka + 2 igły
LP                                                                   4020
Substancja czynna                                           Triptorelinum
Zawartość opakowania    1 fiolka + 1 ampułka 2 ml + 1 strzykawka + 2 igły
LP                                4022
Substancja czynna         Tropicamidum
Zawartość opakowania    10 ml (2x5 ml)
LP                                4023
Substancja czynna         Tropicamidum
Zawartość opakowania    10 ml (2x5 ml)
LP                                                                   4026
Substancja czynna                                        Urofollitropinum
Zawartość opakowania    1 fiolka z prosz.po 75 j.m. + 1 ampułka z rozp...
LP                                                                   4027
Substancja czynna       Vaccinum influenzae inactivatum ex corticis an...
Zawartość opakowania                   1 ampułko-strzykawka 0,5 ml z igłą
LP                                                            4172
Substancja czynna       Wyciągi alergenowe roztoczy kurzu domowego
Zawartość opakowania                  2 fiolka 4,5 ml (stężenie 3)
Znaleziono niepasujących:  190
